2019-10-04T17:05:09.921Z - normal: Load ~/.CocosCreator/settings.json
2019-10-04T17:05:09.930Z - normal: checking language setting...
2019-10-04T17:05:09.931Z - normal: Language: zh
2019-10-04T17:05:13.150Z - success: protocol editor-framework registered
2019-10-04T17:05:13.150Z - success: protocol app registered
2019-10-04T17:05:13.150Z - success: protocol theme registered
2019-10-04T17:05:13.151Z - success: protocol packages registered
2019-10-04T17:05:13.151Z - success: protocol unpack registerred
2019-10-04T17:05:13.151Z - success: protocol disable-commonjs registerred
2019-10-04T17:05:13.252Z - normal: connected!
2019-10-04T17:05:13.256Z - normal: Check project E:\GitHub_bak\FeiJiDaFangKuai\wx-open-data-project
2019-10-04T17:05:13.260Z - normal: Initializing Cocos2d
2019-10-04T17:05:14.094Z - normal: Initializing Asset Database
2019-10-04T17:05:14.212Z - success: protocol uuid registerred
2019-10-04T17:05:14.212Z - success: protocol db registerred
2019-10-04T17:05:14.212Z - success: protocol thumbnail registerred
2019-10-04T17:05:14.213Z - normal: Loading editor/builtin packages
2019-10-04T17:05:14.305Z - success: anysdk loaded
2019-10-04T17:05:14.610Z - success: assets loaded
2019-10-04T17:05:14.614Z - success: builder loaded
2019-10-04T17:05:14.619Z - success: cocos-analytics loaded
2019-10-04T17:05:14.627Z - success: console loaded
2019-10-04T17:05:14.693Z - success: fb-instant-games loaded
2019-10-04T17:05:14.699Z - success: hierarchy loaded
2019-10-04T17:05:14.703Z - success: inspector loaded
2019-10-04T17:05:14.706Z - success: keystore loaded
2019-10-04T17:05:14.712Z - success: node-library loaded
2019-10-04T17:05:14.715Z - success: package-asset loaded
2019-10-04T17:05:14.721Z - success: preferences loaded
2019-10-04T17:05:14.724Z - success: project-exporter loaded
2019-10-04T17:05:14.757Z - success: project-importer loaded
2019-10-04T17:05:14.761Z - success: project-settings loaded
2019-10-04T17:05:14.766Z - success: ui-kit loaded
2019-10-04T17:05:14.783Z - success: ui-grid loaded
2019-10-04T17:05:14.825Z - success: scene loaded
2019-10-04T17:05:14.827Z - success: sprite-editor loaded
2019-10-04T17:05:14.835Z - success: store loaded
2019-10-04T17:05:14.844Z - success: timeline loaded
2019-10-04T17:05:14.844Z - normal: Loading builtin packages
2019-10-04T17:05:14.864Z - success: asset-db-debugger loaded
2019-10-04T17:05:14.868Z - success: code-editor loaded
2019-10-04T17:05:14.869Z - success: color-picker loaded
2019-10-04T17:05:14.886Z - success: package-manager loaded
2019-10-04T17:05:14.891Z - success: qqplay-adapter loaded
2019-10-04T17:05:14.901Z - success: sdkbox loaded
2019-10-04T17:05:14.908Z - success: tester loaded
2019-10-04T17:05:14.912Z - success: ui-kit-preview-extra loaded
2019-10-04T17:05:14.915Z - success: ui-kit-preview loaded
2019-10-04T17:05:14.933Z - success: ui-tree loaded
2019-10-04T17:05:14.934Z - success: weapp-adapter loaded
2019-10-04T17:05:17.641Z - normal: Initializing project E:\GitHub_bak\FeiJiDaFangKuai\wx-open-data-project
2019-10-04T17:05:17.666Z - normal: Loading packages
2019-10-04T17:05:17.684Z - failed: Failed to load package at C:\Users\Administrator\.CocosCreator\packages\2016-10-13base: Failed to load main.js: Error: Cannot find module 'base64-node'
    at Module._resolveFilename (module.js:470:15)
    at Function.Module._resolveFilename (D:\CocosCreator193\resources\electron.asar\common\reset-search-paths.js:35:12)
    at Function.Module._load (module.js:418:25)
    at Module.require (module.js:498:17)
    at require (internal/module.js:20:19)
    at Object.<anonymous> (C:\Users\Administrator\.CocosCreator\packages\2016-10-13base\main.js:2:14)
    at Object.<anonymous> (C:\Users\Administrator\.CocosCreator\packages\2016-10-13base\main.js:30:3)
    at Module._compile (module.js:571:32)
    at Object.Module._extensions..js (module.js:580:10)
    at Module.load (module.js:488:32)
2019-10-04T17:05:17.689Z - success: package.json loaded
2019-10-04T17:05:17.690Z - normal: Watching packages
2019-10-04T17:05:18.592Z - normal: Run Application
2019-10-04T17:05:20.754Z - success: preview server running at http://localhost:7457
2019-10-04T17:05:30.832Z - normal: 1.9.3
2019-10-04T17:05:52.693Z - normal: Start building with options : {
  "androidStudio": true,
  "apiLevel": "",
  "appABIs": [],
  "appKey": "",
  "appSecret": "",
  "buildPath": "E:\\GitHub_bak\\FeiJiDaFangKuai\\wx-open-data-project\\build",
  "debug": false,
  "dest": "E:\\GitHub_bak\\FeiJiDaFangKuai\\wx-open-data-project\\build\\wechatgame",
  "encryptJs": true,
  "excludeScenes": [],
  "excludedModules": [
    "WebGL Renderer",
    "LabelOutline",
    "Graphics",
    "ParticleSystem",
    "TiledMap",
    "Spine Skeleton",
    "DragonBones",
    "RichText",
    "MotionStreak",
    "ProgressBar",
    "ScrollBar",
    "Toggle",
    "PageView",
    "PageViewIndicator",
    "Slider",
    "EditBox",
    "VideoPlayer",
    "WebView",
    "Audio",
    "AudioSource",
    "Animation",
    "Collider",
    "Physics",
    "NodePool",
    "StudioComponent",
    "Intersection",
    "Native NetWork"
  ],
  "fb-instant-games": {},
  "includeAnySDK": false,
  "includeEruda": false,
  "includeSDKBox": false,
  "inlineSpriteFrames": true,
  "inlineSpriteFrames_native": true,
  "jailbreakPlatform": false,
  "md5Cache": false,
  "mergeStartScene": false,
  "oauthLoginServer": "",
  "optimizeHotUpdate": false,
  "orientation": {
    "landscapeLeft": true,
    "landscapeRight": true,
    "portrait": false,
    "upsideDown": false
  },
  "packageName": "org.cocos2d.wx-sub-test",
  "platform": "wechatgame",
  "previewHeight": "720",
  "previewWidth": "1280",
  "privateKey": "",
  "qqplay": {
    "orientation": "portrait"
  },
  "renderMode": "1",
  "scenes": [
    "088db947-d2bf-4c47-b64f-f30bc4bc0faa"
  ],
  "sourceMaps": false,
  "startScene": "088db947-d2bf-4c47-b64f-f30bc4bc0faa",
  "template": "link",
  "title": "wx-open-data-project",
  "useDebugKeystore": true,
  "vsVersion": "auto",
  "webOrientation": "auto",
  "wechatgame": {
    "REMOTE_SERVER_ROOT": "",
    "appid": "wx6ac3f5090a6b99c5",
    "buildsub": true,
    "hasSubdomain": true,
    "isSubdomain": true,
    "orientation": "portrait"
  },
  "xxteaKey": "0f6c60db-2545-4d",
  "zipCompressJs": true,
  "project": "E:\\GitHub_bak\\FeiJiDaFangKuai\\wx-open-data-project",
  "projectName": "wx-open-data-project",
  "debugBuildWorker": false
}
2019-10-04T17:05:52.696Z - normal: Building E:\GitHub_bak\FeiJiDaFangKuai\wx-open-data-project
2019-10-04T17:05:52.697Z - normal: Destination E:\GitHub_bak\FeiJiDaFangKuai\wx-open-data-project\build\wx-open-data-project
2019-10-04T17:05:53.555Z - normal: Delete E:\GitHub_bak\FeiJiDaFangKuai\wx-open-data-project\build\wx-open-data-project\**\*
2019-10-04T17:05:57.611Z - normal: Compiled project javascript file successfully
2019-10-04T17:05:57.612Z - normal: Start building assets
2019-10-04T17:05:57.612Z - normal: Start spawn build-worker
2019-10-04T17:05:58.937Z - normal: Finish spawn build-worker
2019-10-04T17:05:58.937Z - normal: Start init build-worker
2019-10-04T17:06:03.324Z - normal: 1.9.3
2019-10-04T17:06:03.452Z - normal: Finish init build-worker
2019-10-04T17:06:03.452Z - normal: Start build-assets in worker
2019-10-04T17:06:03.866Z - normal: Finish build-assets in worker
2019-10-04T17:06:03.877Z - normal: Finish building assets
2019-10-04T17:06:03.894Z - normal: Start building raw assets
2019-10-04T17:06:03.895Z - normal: Start building plugin scripts
2019-10-04T17:06:03.942Z - normal: Finish building raw assets
2019-10-04T17:06:03.951Z - normal: Generating main.js from D:\CocosCreator193\resources\static\build-templates\shares\main.js
2019-10-04T17:06:05.707Z - normal: Built to "E:\GitHub_bak\FeiJiDaFangKuai\wx-open-data-project\build\wechatgame" successfully
2019-10-04T17:08:05.110Z - normal: Start building with options : {
  "androidStudio": true,
  "apiLevel": "",
  "appABIs": [],
  "appKey": "",
  "appSecret": "",
  "buildPath": "E:\\GitHub_bak\\FeiJiDaFangKuai\\wx-open-data-project\\build",
  "debug": false,
  "dest": "E:\\GitHub_bak\\FeiJiDaFangKuai\\wx-open-data-project\\build\\wechatgame",
  "encryptJs": true,
  "excludeScenes": [],
  "excludedModules": [
    "WebGL Renderer",
    "LabelOutline",
    "Graphics",
    "ParticleSystem",
    "TiledMap",
    "Spine Skeleton",
    "DragonBones",
    "RichText",
    "MotionStreak",
    "ProgressBar",
    "ScrollBar",
    "Toggle",
    "PageView",
    "PageViewIndicator",
    "Slider",
    "EditBox",
    "VideoPlayer",
    "WebView",
    "Audio",
    "AudioSource",
    "Animation",
    "Collider",
    "Physics",
    "NodePool",
    "StudioComponent",
    "Intersection",
    "Native NetWork"
  ],
  "fb-instant-games": {},
  "includeAnySDK": false,
  "includeEruda": false,
  "includeSDKBox": false,
  "inlineSpriteFrames": true,
  "inlineSpriteFrames_native": true,
  "jailbreakPlatform": false,
  "md5Cache": false,
  "mergeStartScene": false,
  "oauthLoginServer": "",
  "optimizeHotUpdate": false,
  "orientation": {
    "landscapeLeft": true,
    "landscapeRight": true,
    "portrait": false,
    "upsideDown": false
  },
  "packageName": "org.cocos2d.wx-sub-test",
  "platform": "wechatgame",
  "previewHeight": "720",
  "previewWidth": "1280",
  "privateKey": "",
  "qqplay": {
    "orientation": "portrait"
  },
  "renderMode": "1",
  "scenes": [
    "088db947-d2bf-4c47-b64f-f30bc4bc0faa"
  ],
  "sourceMaps": false,
  "startScene": "088db947-d2bf-4c47-b64f-f30bc4bc0faa",
  "template": "link",
  "title": "wx-open-data-project",
  "useDebugKeystore": true,
  "vsVersion": "auto",
  "webOrientation": "auto",
  "wechatgame": {
    "REMOTE_SERVER_ROOT": "",
    "appid": "wx6ac3f5090a6b99c5",
    "buildsub": true,
    "hasSubdomain": true,
    "isSubdomain": true,
    "orientation": "portrait"
  },
  "xxteaKey": "0f6c60db-2545-4d",
  "zipCompressJs": true,
  "project": "E:\\GitHub_bak\\FeiJiDaFangKuai\\wx-open-data-project",
  "projectName": "wx-open-data-project",
  "debugBuildWorker": false
}
2019-10-04T17:08:05.127Z - normal: Building E:\GitHub_bak\FeiJiDaFangKuai\wx-open-data-project
2019-10-04T17:08:05.128Z - normal: Destination E:\GitHub_bak\FeiJiDaFangKuai\wx-open-data-project\build\wx-open-data-project
2019-10-04T17:08:05.129Z - normal: Delete E:\GitHub_bak\FeiJiDaFangKuai\wx-open-data-project\build\wx-open-data-project\**\*
2019-10-04T17:08:08.641Z - normal: Compiled project javascript file successfully
2019-10-04T17:08:08.642Z - normal: Start building assets
2019-10-04T17:08:08.643Z - normal: Start spawn build-worker
2019-10-04T17:08:09.991Z - normal: Finish spawn build-worker
2019-10-04T17:08:09.992Z - normal: Start init build-worker
2019-10-04T17:08:13.927Z - normal: 1.9.3
2019-10-04T17:08:14.042Z - normal: Finish init build-worker
2019-10-04T17:08:14.043Z - normal: Start build-assets in worker
2019-10-04T17:08:14.379Z - normal: Finish build-assets in worker
2019-10-04T17:08:14.389Z - normal: Finish building assets
2019-10-04T17:08:14.403Z - normal: Start building raw assets
2019-10-04T17:08:14.404Z - normal: Start building plugin scripts
2019-10-04T17:08:14.448Z - normal: Finish building raw assets
2019-10-04T17:08:14.454Z - normal: Generating main.js from D:\CocosCreator193\resources\static\build-templates\shares\main.js
2019-10-04T17:08:16.002Z - normal: Built to "E:\GitHub_bak\FeiJiDaFangKuai\wx-open-data-project\build\wechatgame" successfully
2019-10-07T15:06:15.676Z - info: shutdown preview server
